running egg_info
creating ../../build/agv_motor_controller/agv_motor_controller.egg-info
writing ../../build/agv_motor_controller/agv_motor_controller.egg-info/PKG-INFO
writing dependency_links to ../../build/agv_motor_controller/agv_motor_controller.egg-info/dependency_links.txt
writing entry points to ../../build/agv_motor_controller/agv_motor_controller.egg-info/entry_points.txt
writing requirements to ../../build/agv_motor_controller/agv_motor_controller.egg-info/requires.txt
writing top-level names to ../../build/agv_motor_controller/agv_motor_controller.egg-info/top_level.txt
writing manifest file '../../build/agv_motor_controller/agv_motor_controller.egg-info/SOURCES.txt'
reading manifest file '../../build/agv_motor_controller/agv_motor_controller.egg-info/SOURCES.txt'
writing manifest file '../../build/agv_motor_controller/agv_motor_controller.egg-info/SOURCES.txt'
running build
running build_py
creating /home/gaurav/warehouse_ws/build/agv_motor_controller/build
creating /home/gaurav/warehouse_ws/build/agv_motor_controller/build/lib
creating /home/gaurav/warehouse_ws/build/agv_motor_controller/build/lib/agv_motor_controller
copying agv_motor_controller/__init__.py -> /home/gaurav/warehouse_ws/build/agv_motor_controller/build/lib/agv_motor_controller
copying agv_motor_controller/motor_test_node.py -> /home/gaurav/warehouse_ws/build/agv_motor_controller/build/lib/agv_motor_controller
running install
running install_lib
creating /home/gaurav/warehouse_ws/install/agv_motor_controller/lib/python3.10/site-packages/agv_motor_controller
copying /home/gaurav/warehouse_ws/build/agv_motor_controller/build/lib/agv_motor_controller/__init__.py -> /home/gaurav/warehouse_ws/install/agv_motor_controller/lib/python3.10/site-packages/agv_motor_controller
copying /home/gaurav/warehouse_ws/build/agv_motor_controller/build/lib/agv_motor_controller/motor_test_node.py -> /home/gaurav/warehouse_ws/install/agv_motor_controller/lib/python3.10/site-packages/agv_motor_controller
byte-compiling /home/gaurav/warehouse_ws/install/agv_motor_controller/lib/python3.10/site-packages/agv_motor_controller/__init__.py to __init__.cpython-310.pyc
byte-compiling /home/gaurav/warehouse_ws/install/agv_motor_controller/lib/python3.10/site-packages/agv_motor_controller/motor_test_node.py to motor_test_node.cpython-310.pyc
running install_data
creating /home/gaurav/warehouse_ws/install/agv_motor_controller/share/ament_index
creating /home/gaurav/warehouse_ws/install/agv_motor_controller/share/ament_index/resource_index
creating /home/gaurav/warehouse_ws/install/agv_motor_controller/share/ament_index/resource_index/packages
copying resource/agv_motor_controller -> /home/gaurav/warehouse_ws/install/agv_motor_controller/share/ament_index/resource_index/packages
copying package.xml -> /home/gaurav/warehouse_ws/install/agv_motor_controller/share/agv_motor_controller
running install_egg_info
Copying ../../build/agv_motor_controller/agv_motor_controller.egg-info to /home/gaurav/warehouse_ws/install/agv_motor_controller/lib/python3.10/site-packages/agv_motor_controller-0.0.0-py3.10.egg-info
running install_scripts
writing list of installed files to '/home/gaurav/warehouse_ws/build/agv_motor_controller/install.log'
