[0.575s] Invoking command in '/home/gaurav/warehouse_ws/src/agv_motor_controller': PYTHONPATH=/home/gaurav/warehouse_ws/build/agv_motor_controller/prefix_override:/usr/lib/python3/dist-packages/colcon_core/task/python/colcon_distutils_commands:/home/gaurav/warehouse_ws/install/agv_motor_controller/lib/python3.10/site-packages:${PYTHONPATH} /usr/bin/python3 -W ignore:setup.py install is deprecated -W ignore:easy_install command is deprecated setup.py egg_info --egg-base ../../build/agv_motor_controller build --build-base /home/gaurav/warehouse_ws/build/agv_motor_controller/build install --record /home/gaurav/warehouse_ws/build/agv_motor_controller/install.log --single-version-externally-managed install_data
[0.764s] running egg_info
[0.765s] creating ../../build/agv_motor_controller/agv_motor_controller.egg-info
[0.765s] writing ../../build/agv_motor_controller/agv_motor_controller.egg-info/PKG-INFO
[0.765s] writing dependency_links to ../../build/agv_motor_controller/agv_motor_controller.egg-info/dependency_links.txt
[0.765s] writing entry points to ../../build/agv_motor_controller/agv_motor_controller.egg-info/entry_points.txt
[0.765s] writing requirements to ../../build/agv_motor_controller/agv_motor_controller.egg-info/requires.txt
[0.765s] writing top-level names to ../../build/agv_motor_controller/agv_motor_controller.egg-info/top_level.txt
[0.765s] writing manifest file '../../build/agv_motor_controller/agv_motor_controller.egg-info/SOURCES.txt'
[0.766s] reading manifest file '../../build/agv_motor_controller/agv_motor_controller.egg-info/SOURCES.txt'
[0.767s] writing manifest file '../../build/agv_motor_controller/agv_motor_controller.egg-info/SOURCES.txt'
[0.767s] running build
[0.767s] running build_py
[0.767s] creating /home/gaurav/warehouse_ws/build/agv_motor_controller/build
[0.767s] creating /home/gaurav/warehouse_ws/build/agv_motor_controller/build/lib
[0.767s] creating /home/gaurav/warehouse_ws/build/agv_motor_controller/build/lib/agv_motor_controller
[0.767s] copying agv_motor_controller/__init__.py -> /home/gaurav/warehouse_ws/build/agv_motor_controller/build/lib/agv_motor_controller
[0.767s] copying agv_motor_controller/motor_test_node.py -> /home/gaurav/warehouse_ws/build/agv_motor_controller/build/lib/agv_motor_controller
[0.767s] running install
[0.768s] running install_lib
[0.768s] creating /home/gaurav/warehouse_ws/install/agv_motor_controller/lib/python3.10/site-packages/agv_motor_controller
[0.768s] copying /home/gaurav/warehouse_ws/build/agv_motor_controller/build/lib/agv_motor_controller/__init__.py -> /home/gaurav/warehouse_ws/install/agv_motor_controller/lib/python3.10/site-packages/agv_motor_controller
[0.768s] copying /home/gaurav/warehouse_ws/build/agv_motor_controller/build/lib/agv_motor_controller/motor_test_node.py -> /home/gaurav/warehouse_ws/install/agv_motor_controller/lib/python3.10/site-packages/agv_motor_controller
[0.769s] byte-compiling /home/gaurav/warehouse_ws/install/agv_motor_controller/lib/python3.10/site-packages/agv_motor_controller/__init__.py to __init__.cpython-310.pyc
[0.769s] byte-compiling /home/gaurav/warehouse_ws/install/agv_motor_controller/lib/python3.10/site-packages/agv_motor_controller/motor_test_node.py to motor_test_node.cpython-310.pyc
[0.769s] running install_data
[0.769s] creating /home/gaurav/warehouse_ws/install/agv_motor_controller/share/ament_index
[0.769s] creating /home/gaurav/warehouse_ws/install/agv_motor_controller/share/ament_index/resource_index
[0.769s] creating /home/gaurav/warehouse_ws/install/agv_motor_controller/share/ament_index/resource_index/packages
[0.769s] copying resource/agv_motor_controller -> /home/gaurav/warehouse_ws/install/agv_motor_controller/share/ament_index/resource_index/packages
[0.769s] copying package.xml -> /home/gaurav/warehouse_ws/install/agv_motor_controller/share/agv_motor_controller
[0.770s] running install_egg_info
[0.771s] Copying ../../build/agv_motor_controller/agv_motor_controller.egg-info to /home/gaurav/warehouse_ws/install/agv_motor_controller/lib/python3.10/site-packages/agv_motor_controller-0.0.0-py3.10.egg-info
[0.771s] running install_scripts
[0.786s] writing list of installed files to '/home/gaurav/warehouse_ws/build/agv_motor_controller/install.log'
[0.805s] Invoked command in '/home/gaurav/warehouse_ws/src/agv_motor_controller' returned '0': PYTHONPATH=/home/gaurav/warehouse_ws/build/agv_motor_controller/prefix_override:/usr/lib/python3/dist-packages/colcon_core/task/python/colcon_distutils_commands:/home/gaurav/warehouse_ws/install/agv_motor_controller/lib/python3.10/site-packages:${PYTHONPATH} /usr/bin/python3 -W ignore:setup.py install is deprecated -W ignore:easy_install command is deprecated setup.py egg_info --egg-base ../../build/agv_motor_controller build --build-base /home/gaurav/warehouse_ws/build/agv_motor_controller/build install --record /home/gaurav/warehouse_ws/build/agv_motor_controller/install.log --single-version-externally-managed install_data
